<?xml version="1.0" encoding="UTF-8"?>
<!-- Generated by org.testng.reporters.JUnitReportReporter -->
<testsuite hostname="DESKTOP-SG8D0E7" failures="0" tests="1" name="myhybridframeworkv1.testScript.AlertHandling" time="50.422" errors="0" timestamp="2022-10-06T23:19:04 IST" skipped="0">
  <testcase classname="myhybridframeworkv1.testScript.AlertHandling" name="alertHandling" time="50.422"/>
  <system-out/>
</testsuite> <!-- myhybridframeworkv1.testScript.AlertHandling -->
